0 info it worked if it ends with ok
1 verbose cli [ 'c:\\Program Files\\nodejs\\node.exe',
1 verbose cli   'c:\\Program Files\\nodejs\\node_modules\\npm\\bin\\npm-cli.js',
1 verbose cli   'start',
1 verbose cli   'dev' ]
2 info using npm@3.3.12
3 info using node@v5.2.0
4 verbose run-script [ 'prestart', 'start', 'poststart' ]
5 info lifecycle nosql@0.0.1~prestart: nosql@0.0.1
6 silly lifecycle nosql@0.0.1~prestart: no script for prestart, continuing
7 info lifecycle nosql@0.0.1~start: nosql@0.0.1
8 verbose lifecycle nosql@0.0.1~start: unsafe-perm in lifecycle true
9 verbose lifecycle nosql@0.0.1~start: PATH: c:\Program Files\nodejs\node_modules\npm\bin\node-gyp-bin;c:\Users\Joshua\Documents\7. Semester\NoSQL\noSQL_Team_VW\node_modules\.bin;c:\Users\Joshua\bin;.;C:\Program Files (x86)\Git\local\bin;C:\Program Files (x86)\Git\mingw\bin;C:\Program Files (x86)\Git\bin;C:\Program Files (x86)\Git\bin;c:\ProgramData\Oracle\Java\javapath;c:\jet9.0-std-x86\bin;c:\Program Files (x86)\Intel\iCLS Client\;c:\Program Files\Intel\iCLS Client\;c:\WINDOWS\system32;c:\WINDOWS;c:\WINDOWS\System32\Wbem;c:\WINDOWS\System32\WindowsPowerShell\v1.0\;c:\Program Files\Intel\Intel(R) Management Engine Components\DAL;c:\Program Files\Intel\Intel(R) Management Engine Components\IPT;c:\Program Files (x86)\Intel\Intel(R) Management Engine Components\DAL;c:\Program Files (x86)\Intel\Intel(R) Management Engine Components\IPT;c:\Program Files\Intel\WiFi\bin\;c:\Program Files\Common Files\Intel\WirelessCommon\;c:\Program Files (x86)\Windows Kits\8.1\Windows Performance Toolkit\;c:\Program Files\Microsoft SQL Server\110\Tools\Binn\;c:\Program Files (x86)\Common Files\Adobe\AGL;c:\Program Files\Java\jdk1.7.0_45;c:\maven\bin;c:\Program Files\Java\jdk1.7.0_45\bin;c:\Program Files\TortoiseSVN\bin;c:\Program Files (x86)\NVIDIA Corporation\PhysX\Common;c:\Program Files (x86)\GNU\GnuPG\pub;c:\WINDOWS\system32;c:\WINDOWS;c:\WINDOWS\System32\Wbem;c:\WINDOWS\System32\WindowsPowerShell\v1.0\;c:\Program Files (x86)\Skype\Phone\;c:\Program Files (x86)\Brackets\command;c:\Program Files\nodejs\;c:\Program Files\Intel\WiFi\bin\;c:\Program Files\Common Files\Intel\WirelessCommon\;c:\Users\Joshua\Downloads\putty\PLINK.EXE;c:\Users\Joshua\play;c:\Users\Joshua\AppData\Roaming\npm\node_modules\karma\bin;c:\xampp\php;c:\Program Files (x86)\Nmap;c:\Python34;c:\Python34\Scripts;.;c:\Users\Joshua\AppData\Roaming\npm
10 verbose lifecycle nosql@0.0.1~start: CWD: c:\Users\Joshua\Documents\7. Semester\NoSQL\noSQL_Team_VW
11 silly lifecycle nosql@0.0.1~start: Args: [ '/d /s /c', 'node server/index "dev"' ]
12 silly lifecycle nosql@0.0.1~start: Returned: code: 1  signal: null
13 info lifecycle nosql@0.0.1~start: Failed to exec start script
14 verbose stack Error: nosql@0.0.1 start: `node server/index "dev"`
14 verbose stack Exit status 1
14 verbose stack     at EventEmitter.<anonymous> (c:\Program Files\nodejs\node_modules\npm\lib\utils\lifecycle.js:232:16)
14 verbose stack     at emitTwo (events.js:88:13)
14 verbose stack     at EventEmitter.emit (events.js:173:7)
14 verbose stack     at ChildProcess.<anonymous> (c:\Program Files\nodejs\node_modules\npm\lib\utils\spawn.js:24:14)
14 verbose stack     at emitTwo (events.js:88:13)
14 verbose stack     at ChildProcess.emit (events.js:173:7)
14 verbose stack     at maybeClose (internal/child_process.js:819:16)
14 verbose stack     at Process.ChildProcess._handle.onexit (internal/child_process.js:212:5)
15 verbose pkgid nosql@0.0.1
16 verbose cwd c:\Users\Joshua\Documents\7. Semester\NoSQL\noSQL_Team_VW\server
17 error Windows_NT 10.0.10240
18 error argv "c:\\Program Files\\nodejs\\node.exe" "c:\\Program Files\\nodejs\\node_modules\\npm\\bin\\npm-cli.js" "start" "dev"
19 error node v5.2.0
20 error npm  v3.3.12
21 error code ELIFECYCLE
22 error nosql@0.0.1 start: `node server/index "dev"`
22 error Exit status 1
23 error Failed at the nosql@0.0.1 start script 'node server/index "dev"'.
23 error Make sure you have the latest version of node.js and npm installed.
23 error If you do, this is most likely a problem with the nosql package,
23 error not with npm itself.
23 error Tell the author that this fails on your system:
23 error     node server/index "dev"
23 error You can get their info via:
23 error     npm owner ls nosql
23 error There is likely additional logging output above.
24 verbose exit [ 1, true ]
